2020-03-22 12:56:23,397 ERROR: Exception on /setCookie [POST] [in /Users/richardhartley/Projects/AzureWorkersInShop/venv/lib/python3.7/site-packages/flask/app.py:1891]
Traceback (most recent call last):
  File "/Users/richardhartley/Projects/AzureWorkersInShop/venv/lib/python3.7/site-packages/flask/app.py", line 2446, in wsgi_app
    response = self.full_dispatch_request()
  File "/Users/richardhartley/Projects/AzureWorkersInShop/venv/lib/python3.7/site-packages/flask/app.py", line 1951, in full_dispatch_request
    rv = self.handle_user_exception(e)
  File "/Users/richardhartley/Projects/AzureWorkersInShop/venv/lib/python3.7/site-packages/flask/app.py", line 1820, in handle_user_exception
    reraise(exc_type, exc_value, tb)
  File "/Users/richardhartley/Projects/AzureWorkersInShop/venv/lib/python3.7/site-packages/flask/_compat.py", line 39, in reraise
    raise value
  File "/Users/richardhartley/Projects/AzureWorkersInShop/venv/lib/python3.7/site-packages/flask/app.py", line 1947, in full_dispatch_request
    rv = self.preprocess_request()
  File "/Users/richardhartley/Projects/AzureWorkersInShop/venv/lib/python3.7/site-packages/flask/app.py", line 2241, in preprocess_request
    rv = func()
  File "/Users/richardhartley/Projects/AzureWorkersInShop/app/routes.py", line 22, in before_request_func
    return redirect(url_for(setCookie))
  File "/Users/richardhartley/Projects/AzureWorkersInShop/venv/lib/python3.7/site-packages/flask/helpers.py", line 318, in url_for
    if endpoint[:1] == ".":
TypeError: 'function' object is not subscriptable
2020-03-22 12:57:45,406 INFO: Check In startup [in /Users/richardhartley/Projects/AzureWorkersInShop/app/__init__.py:29]
2020-03-22 13:03:28,343 INFO: Check In startup [in /Users/richardhartley/Projects/AzureWorkersInShop/app/__init__.py:29]
2020-03-22 13:04:18,639 INFO: Check In startup [in /Users/richardhartley/Projects/AzureWorkersInShop/app/__init__.py:29]
2020-03-22 13:08:20,984 ERROR: Exception on /setCookie [POST] [in /Users/richardhartley/Projects/AzureWorkersInShop/venv/lib/python3.7/site-packages/flask/app.py:1891]
Traceback (most recent call last):
  File "/Users/richardhartley/Projects/AzureWorkersInShop/venv/lib/python3.7/site-packages/flask/app.py", line 2446, in wsgi_app
    response = self.full_dispatch_request()
  File "/Users/richardhartley/Projects/AzureWorkersInShop/venv/lib/python3.7/site-packages/flask/app.py", line 1951, in full_dispatch_request
    rv = self.handle_user_exception(e)
  File "/Users/richardhartley/Projects/AzureWorkersInShop/venv/lib/python3.7/site-packages/flask/app.py", line 1820, in handle_user_exception
    reraise(exc_type, exc_value, tb)
  File "/Users/richardhartley/Projects/AzureWorkersInShop/venv/lib/python3.7/site-packages/flask/_compat.py", line 39, in reraise
    raise value
  File "/Users/richardhartley/Projects/AzureWorkersInShop/venv/lib/python3.7/site-packages/flask/app.py", line 1947, in full_dispatch_request
    rv = self.preprocess_request()
  File "/Users/richardhartley/Projects/AzureWorkersInShop/venv/lib/python3.7/site-packages/flask/app.py", line 2241, in preprocess_request
    rv = func()
  File "/Users/richardhartley/Projects/AzureWorkersInShop/app/routes.py", line 22, in before_request_func
    return redirect(url_for(setCookie))
  File "/Users/richardhartley/Projects/AzureWorkersInShop/venv/lib/python3.7/site-packages/flask/helpers.py", line 318, in url_for
    if endpoint[:1] == ".":
TypeError: 'function' object is not subscriptable
2020-03-22 13:09:55,969 INFO: Check In startup [in /Users/richardhartley/Projects/AzureWorkersInShop/app/__init__.py:29]
2020-03-22 13:11:18,205 ERROR: Exception on /setCookie [POST] [in /Users/richardhartley/Projects/AzureWorkersInShop/venv/lib/python3.7/site-packages/flask/app.py:1891]
Traceback (most recent call last):
  File "/Users/richardhartley/Projects/AzureWorkersInShop/venv/lib/python3.7/site-packages/flask/app.py", line 2446, in wsgi_app
    response = self.full_dispatch_request()
  File "/Users/richardhartley/Projects/AzureWorkersInShop/venv/lib/python3.7/site-packages/flask/app.py", line 1951, in full_dispatch_request
    rv = self.handle_user_exception(e)
  File "/Users/richardhartley/Projects/AzureWorkersInShop/venv/lib/python3.7/site-packages/flask/app.py", line 1820, in handle_user_exception
    reraise(exc_type, exc_value, tb)
  File "/Users/richardhartley/Projects/AzureWorkersInShop/venv/lib/python3.7/site-packages/flask/_compat.py", line 39, in reraise
    raise value
  File "/Users/richardhartley/Projects/AzureWorkersInShop/venv/lib/python3.7/site-packages/flask/app.py", line 1947, in full_dispatch_request
    rv = self.preprocess_request()
  File "/Users/richardhartley/Projects/AzureWorkersInShop/venv/lib/python3.7/site-packages/flask/app.py", line 2241, in preprocess_request
    rv = func()
  File "/Users/richardhartley/Projects/AzureWorkersInShop/app/routes.py", line 22, in before_request_func
    return redirect(url_for(setCookie))
  File "/Users/richardhartley/Projects/AzureWorkersInShop/venv/lib/python3.7/site-packages/flask/helpers.py", line 318, in url_for
    if endpoint[:1] == ".":
TypeError: 'function' object is not subscriptable
2020-03-22 13:12:59,324 INFO: Check In startup [in /Users/richardhartley/Projects/AzureWorkersInShop/app/__init__.py:29]
2020-03-22 13:13:11,283 ERROR: Exception on / [GET] [in /Users/richardhartley/Projects/AzureWorkersInShop/venv/lib/python3.7/site-packages/flask/app.py:1891]
Traceback (most recent call last):
  File "/Users/richardhartley/Projects/AzureWorkersInShop/venv/lib/python3.7/site-packages/flask/app.py", line 2446, in wsgi_app
    response = self.full_dispatch_request()
  File "/Users/richardhartley/Projects/AzureWorkersInShop/venv/lib/python3.7/site-packages/flask/app.py", line 1951, in full_dispatch_request
    rv = self.handle_user_exception(e)
  File "/Users/richardhartley/Projects/AzureWorkersInShop/venv/lib/python3.7/site-packages/flask/app.py", line 1820, in handle_user_exception
    reraise(exc_type, exc_value, tb)
  File "/Users/richardhartley/Projects/AzureWorkersInShop/venv/lib/python3.7/site-packages/flask/_compat.py", line 39, in reraise
    raise value
  File "/Users/richardhartley/Projects/AzureWorkersInShop/venv/lib/python3.7/site-packages/flask/app.py", line 1947, in full_dispatch_request
    rv = self.preprocess_request()
  File "/Users/richardhartley/Projects/AzureWorkersInShop/venv/lib/python3.7/site-packages/flask/app.py", line 2241, in preprocess_request
    rv = func()
  File "/Users/richardhartley/Projects/AzureWorkersInShop/app/routes.py", line 18, in before_request_func
    print("shopID - " + shopID)
TypeError: can only concatenate str (not "NoneType") to str
2020-03-22 13:14:00,227 INFO: Check In startup [in /Users/richardhartley/Projects/AzureWorkersInShop/app/__init__.py:29]
2020-03-31 11:19:24,331 INFO: Check In startup [in /Users/richardhartley/Projects/AzureWorkersInShop/app/__init__.py:29]
